Debugger listening on ws://127.0.0.1:53521/9bea72f1-09d2-42e0-a13a-58163cea76fb
For help, see: https://nodejs.org/en/docs/inspector
Debugger attached.
npm verb cli /Users/johnnykamigashima/.nvm/versions/node/v20.8.1/bin/node /Users/johnnykamigashima/.nvm/versions/node/v20.8.1/bin/npm
npm info using npm@10.1.0
npm info using node@v20.8.1
npm verb title npm install
npm verb argv "install" "--legacy-peer-deps" "--loglevel" "verbose"
npm verb logfile logs-max:10 dir:/Users/johnnykamigashima/.npm/_logs/2024-07-21T02_40_05_570Z-
npm verb logfile /Users/johnnykamigashima/.npm/_logs/2024-07-21T02_40_05_570Z-debug-0.log
npm http fetch GET 200 https://registry.npmjs.org/@eslint%2fjs 145ms (cache revalidated)
npm http fetch GET 200 https://registry.npmjs.org/@faker-js%2ffaker 1310ms (cache revalidated)
npm http fetch GET 200 https://registry.npmjs.org/cypress-fail-fast 672ms (cache revalidated)
npm http fetch GET 200 https://registry.npmjs.org/cypress-log-filter 671ms (cache revalidated)
npm http fetch GET 200 https://registry.npmjs.org/cypress-mochawesome-reporter 644ms (cache revalidated)
npm http fetch GET 200 https://registry.npmjs.org/cypress-plugin-xhr-toggle 245ms (cache revalidated)
npm http fetch GET 200 https://registry.npmjs.org/cypress-real-events 661ms (cache revalidated)
npm http fetch GET 200 https://registry.npmjs.org/cypress-xpath 655ms (cache revalidated)
npm http fetch GET 200 https://registry.npmjs.org/eslint-plugin-cypress 689ms (cache revalidated)
npm http fetch GET 200 https://registry.npmjs.org/globals 37ms (cache revalidated)
npm http fetch GET 200 https://registry.npmjs.org/browserstack-cypress-cli 667ms (cache revalidated)
npm http fetch GET 200 https://registry.npmjs.org/cypress 656ms (cache revalidated)
npm http fetch GET 200 https://registry.npmjs.org/fs-extra 307ms (cache revalidated)
npm http fetch GET 200 https://registry.npmjs.org/glob 307ms (cache revalidated)
npm http fetch GET 200 https://registry.npmjs.org/tmp 298ms (cache revalidated)
npm http fetch GET 200 https://registry.npmjs.org/gitconfiglocal 310ms (cache revalidated)
npm http fetch GET 200 https://registry.npmjs.org/windows-release 306ms (cache revalidated)
npm http fetch GET 200 https://registry.npmjs.org/is-ci 295ms (cache revalidated)
npm http fetch GET 200 https://registry.npmjs.org/request 309ms (cache revalidated)
npm http fetch GET 200 https://registry.npmjs.org/chalk 314ms (cache revalidated)
npm http fetch GET 200 https://registry.npmjs.org/chalk 301ms (cache revalidated)
npm http fetch GET 200 https://registry.npmjs.org/debug 300ms (cache revalidated)
npm http fetch GET 200 https://registry.npmjs.org/webpack 282ms (cache revalidated)
npm http fetch GET 200 https://registry.npmjs.org/supports-color 292ms (cache revalidated)
npm http fetch GET 200 https://registry.npmjs.org/buffer 307ms (cache revalidated)
npm http fetch GET 200 https://registry.npmjs.org/bluebird 301ms (cache revalidated)
npm http fetch GET 200 https://registry.npmjs.org/extract-zip 301ms (cache revalidated)
npm http fetch GET 200 https://registry.npmjs.org/update-notifier 328ms (cache revalidated)
npm http fetch GET 200 https://registry.npmjs.org/async 333ms (cache revalidated)
npm http fetch GET 200 https://registry.npmjs.org/fs-extra 310ms (cache revalidated)
npm http fetch GET 200 https://registry.npmjs.org/fs-extra 301ms (cache revalidated)
npm http fetch GET 200 https://registry.npmjs.org/semver 317ms (cache revalidated)
npm http fetch GET 200 https://registry.npmjs.org/yauzl 321ms (cache revalidated)
npm http fetch GET 200 https://registry.npmjs.org/log-symbols 309ms (cache revalidated)
npm http fetch GET 200 https://registry.npmjs.org/commander 304ms (cache revalidated)
npm http fetch GET 200 https://registry.npmjs.org/commander 313ms (cache revalidated)
npm http fetch GET 200 https://registry.npmjs.org/cli-cursor 312ms (cache revalidated)
npm http fetch GET 200 https://registry.npmjs.org/is-installed-globally 309ms (cache revalidated)
npm http fetch GET 200 https://registry.npmjs.org/process 317ms (cache revalidated)
npm http fetch GET 200 https://registry.npmjs.org/figures 319ms (cache revalidated)
npm http fetch GET 200 https://registry.npmjs.org/lodash 327ms (cache revalidated)
npm http fetch GET 200 https://registry.npmjs.org/cli-progress 443ms (cache revalidated)
npm http fetch GET 200 https://registry.npmjs.org/mochawesome-merge 449ms (cache revalidated)
npm http fetch GET 200 https://registry.npmjs.org/requestretry 518ms (cache revalidated)
npm http fetch GET 200 https://registry.npmjs.org/ts-loader 510ms (cache revalidated)
npm http fetch GET 200 https://registry.npmjs.org/archiver 757ms (cache revalidated)
npm http fetch GET 200 https://registry.npmjs.org/getmac 851ms (cache revalidated)
npm http fetch GET 200 https://registry.npmjs.org/mocha 855ms (cache revalidated)
npm http fetch GET 200 https://registry.npmjs.org/dayjs 847ms (cache revalidated)
npm http fetch GET 200 https://registry.npmjs.org/git-last-commit 863ms (cache revalidated)
npm http fetch GET 200 https://registry.npmjs.org/winston 857ms (cache revalidated)
npm http fetch GET 200 https://registry.npmjs.org/listr2 847ms (cache revalidated)
npm http fetch GET 200 https://registry.npmjs.org/yargs 862ms (cache revalidated)
npm http fetch GET 200 https://registry.npmjs.org/browserstack-local 873ms (cache revalidated)
npm http fetch GET 200 https://registry.npmjs.org/arch 860ms (cache revalidated)
npm http fetch GET 200 https://registry.npmjs.org/enquirer 856ms (cache revalidated)
npm http fetch GET 200 https://registry.npmjs.org/getos 867ms (cache revalidated)
npm http fetch GET 200 https://registry.npmjs.org/decompress 878ms (cache revalidated)
npm http fetch GET 200 https://registry.npmjs.org/executable 857ms (cache revalidated)
npm http fetch GET 200 https://registry.npmjs.org/mkdirp 885ms (cache revalidated)
npm http fetch GET 200 https://registry.npmjs.org/lazy-ass 875ms (cache revalidated)
npm http fetch GET 200 https://registry.npmjs.org/common-tags 872ms (cache revalidated)
npm http fetch GET 200 https://registry.npmjs.org/pretty-bytes 874ms (cache revalidated)
npm http fetch GET 200 https://registry.npmjs.org/blob-util 877ms (cache revalidated)
npm http fetch GET 200 https://registry.npmjs.org/node-ipc 903ms (cache revalidated)
npm http fetch GET 200 https://registry.npmjs.org/mochawesome-report-generator 871ms (cache revalidated)
npm http fetch GET 200 https://registry.npmjs.org/untildify 890ms (cache revalidated)
npm http fetch GET 200 https://registry.npmjs.org/cli-table3 895ms (cache revalidated)
npm http fetch GET 200 https://registry.npmjs.org/proxy-from-env 898ms (cache revalidated)
npm http fetch GET 200 https://registry.npmjs.org/uuid 926ms (cache revalidated)
npm http fetch GET 200 https://registry.npmjs.org/table 930ms (cache revalidated)
npm http fetch GET 200 https://registry.npmjs.org/execa 920ms (cache revalidated)
npm http fetch GET 200 https://registry.npmjs.org/git-repo-info 937ms (cache revalidated)
npm http fetch GET 200 https://registry.npmjs.org/check-more-types 905ms (cache revalidated)
npm http fetch GET 200 https://registry.npmjs.org/ospath 918ms (cache revalidated)
npm http fetch GET 200 https://registry.npmjs.org/mochawesome 903ms (cache revalidated)
npm http fetch GET 200 https://registry.npmjs.org/cachedir 920ms (cache revalidated)
npm http fetch GET 200 https://registry.npmjs.org/request-progress 916ms (cache revalidated)
npm http fetch GET 200 https://registry.npmjs.org/minimist 931ms (cache revalidated)
npm http fetch GET 200 https://registry.npmjs.org/eventemitter2 953ms (cache revalidated)
npm http fetch GET 200 https://registry.npmjs.org/@types%2fsinonjs__fake-timers 1129ms (cache revalidated)
npm http fetch GET 200 https://registry.npmjs.org/@cypress%2frequest 1435ms (cache revalidated)
npm http fetch GET 200 https://registry.npmjs.org/@types%2fsizzle 1527ms (cache revalidated)
npm http fetch GET 200 https://registry.npmjs.org/@cypress%2fxvfb 1837ms (cache revalidated)
npm http fetch GET 200 https://registry.npmjs.org/https-proxy-agent 131ms (cache revalidated)
npm http fetch GET 200 https://registry.npmjs.org/jsonfile 122ms (cache revalidated)
npm http fetch GET 200 https://registry.npmjs.org/tar-stream 139ms (cache revalidated)
npm http fetch GET 200 https://registry.npmjs.org/pify 148ms (cache revalidated)
npm http fetch GET 200 https://registry.npmjs.org/ansi-styles 178ms (cache revalidated)
npm http fetch GET 200 https://registry.npmjs.org/inflight 163ms (cache revalidated)
npm http fetch GET 200 https://registry.npmjs.org/agent-base 203ms (cache revalidated)
npm http fetch GET 200 https://registry.npmjs.org/escape-string-regexp 180ms (cache revalidated)
npm http fetch GET 200 https://registry.npmjs.org/graceful-fs 220ms (cache revalidated)
npm http fetch GET 200 https://registry.npmjs.org/fs.realpath 217ms (cache revalidated)
npm http fetch GET 200 https://registry.npmjs.org/readable-stream 277ms (cache revalidated)
npm http fetch GET 200 https://registry.npmjs.org/once 292ms (cache revalidated)
npm http fetch GET 200 https://registry.npmjs.org/is-running 337ms (cache revalidated)
npm http fetch GET 200 https://registry.npmjs.org/decompress-unzip 335ms (cache revalidated)
npm http fetch GET 200 https://registry.npmjs.org/string-width 346ms (cache revalidated)
npm http fetch GET 200 https://registry.npmjs.org/js-yaml 339ms (cache revalidated)
npm http fetch GET 200 https://registry.npmjs.org/chokidar 354ms (cache revalidated)
npm http fetch GET 200 https://registry.npmjs.org/readdir-glob 729ms (cache revalidated)
npm http fetch GET 200 https://registry.npmjs.org/decompress-tarbz2 722ms (cache revalidated)
npm http fetch GET 200 https://registry.npmjs.org/ps-tree 730ms (cache revalidated)
npm http fetch GET 200 https://registry.npmjs.org/make-dir 725ms (cache revalidated)
npm http fetch GET 200 https://registry.npmjs.org/buffer-crc32 739ms (cache revalidated)
npm http fetch GET 200 https://registry.npmjs.org/temp-fs 736ms (cache revalidated)
npm http fetch GET 200 https://registry.npmjs.org/minimatch 718ms (cache revalidated)
npm http fetch GET 200 https://registry.npmjs.org/archiver-utils 765ms (cache revalidated)
npm http fetch GET 200 https://registry.npmjs.org/minimatch 742ms (cache revalidated)
npm http fetch GET 200 https://registry.npmjs.org/path-is-absolute 740ms (cache revalidated)
npm http fetch GET 200 https://registry.npmjs.org/inherits 745ms (cache revalidated)
npm http fetch GET 200 https://registry.npmjs.org/ini 752ms (cache revalidated)
npm http fetch GET 200 https://registry.npmjs.org/graceful-fs 765ms (cache revalidated)
npm http fetch GET 200 https://registry.npmjs.org/extend 749ms (cache revalidated)
npm http fetch GET 200 https://registry.npmjs.org/decompress-targz 785ms (cache revalidated)
npm http fetch GET 200 https://registry.npmjs.org/yargs-parser 771ms (cache revalidated)
npm http fetch GET 200 https://registry.npmjs.org/ms 787ms (cache revalidated)
npm http fetch GET 200 https://registry.npmjs.org/http-signature 806ms (cache revalidated)
npm http fetch GET 200 https://registry.npmjs.org/universalify 860ms (cache revalidated)
npm http fetch GET 200 https://registry.npmjs.org/browser-stdout 945ms (cache revalidated)
npm http fetch GET 200 https://registry.npmjs.org/strip-dirs 966ms (cache revalidated)
npm http fetch GET 200 https://registry.npmjs.org/yargs-unparser 941ms (cache revalidated)
npm http fetch GET 200 https://registry.npmjs.org/oauth-sign 956ms (cache revalidated)
npm http fetch GET 200 https://registry.npmjs.org/strip-json-comments 971ms (cache revalidated)
npm http fetch GET 200 https://registry.npmjs.org/js-queue 966ms (cache revalidated)
npm http fetch GET 200 https://registry.npmjs.org/diff 1004ms (cache revalidated)
npm http fetch GET 200 https://registry.npmjs.org/serialize-javascript 1009ms (cache revalidated)
npm http fetch GET 200 https://registry.npmjs.org/event-pubsub 1009ms (cache revalidated)
npm http fetch GET 200 https://registry.npmjs.org/find-up 1039ms (cache revalidated)
npm http fetch GET 200 https://registry.npmjs.org/isstream 1033ms (cache revalidated)
npm http fetch GET 200 https://registry.npmjs.org/forever-agent 1050ms (cache revalidated)
npm http fetch GET 200 https://registry.npmjs.org/extend 1069ms (cache revalidated)
npm http fetch GET 200 https://registry.npmjs.org/json-stringify-safe 1078ms (cache revalidated)
npm http fetch GET 200 https://registry.npmjs.org/string-width 1095ms (cache revalidated)
npm http fetch GET 200 https://registry.npmjs.org/tough-cookie 1123ms (cache revalidated)
npm http fetch GET 200 https://registry.npmjs.org/slice-ansi 1121ms (cache revalidated)
npm http fetch GET 200 https://registry.npmjs.org/mime-types 1164ms (cache revalidated)
npm http fetch GET 200 https://registry.npmjs.org/js-message 1199ms (cache revalidated)
npm http fetch GET 200 https://registry.npmjs.org/is-typedarray 1193ms (cache revalidated)
npm http fetch GET 200 https://registry.npmjs.org/qs 1200ms (cache revalidated)
npm http fetch GET 200 https://registry.npmjs.org/boxen 1216ms (cache revalidated)
npm http fetch GET 200 https://registry.npmjs.org/configstore 1231ms (cache revalidated)
npm http fetch GET 200 https://registry.npmjs.org/xdg-basedir 1241ms (cache revalidated)
npm http fetch GET 200 https://registry.npmjs.org/is-npm 1299ms (cache revalidated)
npm http fetch GET 200 https://registry.npmjs.org/@types%2fnode 1339ms (cache revalidated)
npm http fetch GET 200 https://registry.npmjs.org/isstream 1325ms (cache revalidated)
npm http fetch GET 200 https://registry.npmjs.org/decompress-tar 1375ms (cache revalidated)
npm http fetch GET 200 https://registry.npmjs.org/har-validator 1352ms (cache revalidated)
npm http fetch GET 200 https://registry.npmjs.org/ansi-colors 1369ms (cache revalidated)
npm http fetch GET 200 https://registry.npmjs.org/import-lazy 1357ms (cache revalidated)
npm http fetch GET 200 https://registry.npmjs.org/form-data 1368ms (cache revalidated)
npm http fetch GET 200 https://registry.npmjs.org/workerpool 1394ms (cache revalidated)
npm http fetch GET 200 https://registry.npmjs.org/colors 1378ms (cache revalidated)
npm http fetch GET 200 https://registry.npmjs.org/yargs-parser 1376ms (cache revalidated)
npm http fetch GET 200 https://registry.npmjs.org/cliui 1378ms (cache revalidated)
npm http fetch GET 200 https://registry.npmjs.org/which-module 1407ms (cache revalidated)
npm http fetch GET 200 https://registry.npmjs.org/caseless 1430ms (cache revalidated)
npm http fetch GET 200 https://registry.npmjs.org/latest-version 1446ms (cache revalidated)
npm http fetch GET 200 https://registry.npmjs.org/safe-buffer 1459ms (cache revalidated)
npm http fetch GET 200 https://registry.npmjs.org/combined-stream 1472ms (cache revalidated)
npm http fetch GET 200 https://registry.npmjs.org/eyes 1478ms (cache revalidated)
npm http fetch GET 200 https://registry.npmjs.org/ajv 1484ms (cache revalidated)
npm http fetch GET 200 https://registry.npmjs.org/tunnel-agent 1505ms (cache revalidated)
npm http fetch GET 200 https://registry.npmjs.org/find-up 1501ms (cache revalidated)
npm http fetch GET 200 https://registry.npmjs.org/semver-diff 1534ms (cache revalidated)
npm http fetch GET 200 https://registry.npmjs.org/get-caller-file 1526ms (cache revalidated)
npm http fetch GET 200 https://registry.npmjs.org/decamelize 1531ms (cache revalidated)
npm http fetch GET 200 https://registry.npmjs.org/require-main-filename 1553ms (cache revalidated)
npm http fetch GET 200 https://registry.npmjs.org/he 1611ms (cache revalidated)
npm http fetch GET 200 https://registry.npmjs.org/aws-sign2 1605ms (cache revalidated)
npm http fetch GET 200 https://registry.npmjs.org/set-blocking 1603ms (cache revalidated)
npm http fetch GET 200 https://registry.npmjs.org/pupa 1662ms (cache revalidated)
npm http fetch GET 200 https://registry.npmjs.org/zip-stream 1828ms (cache revalidated)
npm http fetch GET 200 https://registry.npmjs.org/is-in-ci 1815ms (cache revalidated)
npm http fetch GET 200 https://registry.npmjs.org/cycle 1898ms (cache revalidated)
npm http fetch GET 200 https://registry.npmjs.org/performance-now 1932ms (cache revalidated)
npm http fetch GET 200 https://registry.npmjs.org/stack-trace 1975ms (cache revalidated)
npm http fetch GET 200 https://registry.npmjs.org/y18n 2037ms (cache revalidated)
npm http fetch GET 200 https://registry.npmjs.org/require-directory 2042ms (cache revalidated)
npm http fetch GET 200 https://registry.npmjs.org/aws4 2089ms (cache revalidated)
npm http fetch GET 200 https://registry.npmjs.org/string_decoder 37ms (cache revalidated)
npm http fetch GET 200 https://registry.npmjs.org/lodash.union 42ms (cache revalidated)
npm http fetch GET 200 https://registry.npmjs.org/bl 49ms (cache revalidated)
npm http fetch GET 200 https://registry.npmjs.org/lazystream 57ms (cache revalidated)
npm http fetch GET 200 https://registry.npmjs.org/normalize-path 60ms (cache revalidated)
npm http fetch GET 200 https://registry.npmjs.org/util-deprecate 253ms (cache revalidated)
npm http fetch GET 200 https://registry.npmjs.org/end-of-stream 252ms (cache revalidated)
npm http fetch GET 200 https://registry.npmjs.org/lodash.defaults 267ms (cache revalidated)
npm http fetch GET 200 https://registry.npmjs.org/fs-constants 640ms (cache revalidated)
npm http fetch GET 200 https://registry.npmjs.org/lodash.flatten 659ms (cache revalidated)
npm http fetch GET 200 https://registry.npmjs.org/lodash.difference 676ms (cache revalidated)
npm http fetch GET 200 https://registry.npmjs.org/compress-commons 693ms (cache revalidated)
npm http fetch GET 200 https://registry.npmjs.org/lodash.isplainobject 788ms (cache revalidated)
npm http fetch GET 200 https://registry.npmjs.org/isarray 33ms (cache revalidated)
npm http fetch GET 200 https://registry.npmjs.org/process-nextick-args 36ms (cache revalidated)
npm http fetch GET 200 https://registry.npmjs.org/core-util-is 660ms (cache revalidated)
npm http fetch GET 200 https://registry.npmjs.org/rimraf 46ms (cache revalidated)
npm http fetch GET 200 https://registry.npmjs.org/event-stream 638ms (cache revalidated)
npm http fetch GET 200 https://registry.npmjs.org/has-flag 36ms (cache revalidated)
npm http fetch GET 200 https://registry.npmjs.org/color-convert 39ms (cache revalidated)
npm http fetch GET 200 https://registry.npmjs.org/color-name 257ms (cache revalidated)
npm http fetch GET 200 https://registry.npmjs.org/emoji-regex 32ms (cache revalidated)
npm http fetch GET 200 https://registry.npmjs.org/strip-ansi 35ms (cache revalidated)
npm http fetch GET 200 https://registry.npmjs.org/is-fullwidth-code-point 633ms (cache revalidated)
npm http fetch GET 200 https://registry.npmjs.org/restore-cursor 74ms (cache revalidated)
npm http fetch GET 200 https://registry.npmjs.org/onetime 69ms (cache revalidated)
npm http fetch GET 200 https://registry.npmjs.org/signal-exit 66ms (cache revalidated)
npm http fetch GET 200 https://registry.npmjs.org/base64-js 89ms (cache revalidated)
npm http fetch GET 200 https://registry.npmjs.org/ieee754 88ms (cache revalidated)
npm http fetch GET 200 https://registry.npmjs.org/@types%2fyauzl 76ms (cache revalidated)
npm http fetch GET 200 https://registry.npmjs.org/cross-spawn 91ms (cache revalidated)
npm http fetch GET 200 https://registry.npmjs.org/rxjs 88ms (cache revalidated)
npm http fetch GET 200 https://registry.npmjs.org/through 93ms (cache revalidated)
npm http fetch GET 200 https://registry.npmjs.org/global-dirs 111ms (cache revalidated)
npm http fetch GET 200 https://registry.npmjs.org/rfdc 115ms (cache revalidated)
npm http fetch GET 200 https://registry.npmjs.org/cli-truncate 114ms (cache revalidated)
npm http fetch GET 200 https://registry.npmjs.org/p-map 117ms (cache revalidated)
npm http fetch GET 200 https://registry.npmjs.org/wrap-ansi 149ms (cache revalidated)
npm http fetch GET 200 https://registry.npmjs.org/is-unicode-supported 158ms (cache revalidated)
npm http fetch GET 200 https://registry.npmjs.org/is-stream 269ms (cache revalidated)
npm http fetch GET 200 https://registry.npmjs.org/lodash.once 301ms (cache revalidated)
npm http fetch GET 200 https://registry.npmjs.org/get-stream 293ms (cache revalidated)
npm http fetch GET 200 https://registry.npmjs.org/fd-slicer 273ms (cache revalidated)
npm http fetch GET 200 https://registry.npmjs.org/log-update 313ms (cache revalidated)
npm http fetch GET 200 https://registry.npmjs.org/throttleit 320ms (cache revalidated)
npm http fetch GET 200 https://registry.npmjs.org/get-stream 370ms (cache revalidated)
npm http fetch GET 200 https://registry.npmjs.org/colorette 391ms (cache revalidated)
npm http fetch GET 200 https://registry.npmjs.org/strip-final-newline 401ms (cache revalidated)
npm http fetch GET 200 https://registry.npmjs.org/merge-stream 663ms (cache revalidated)
npm http fetch GET 200 https://registry.npmjs.org/npm-run-path 683ms (cache revalidated)
npm http fetch GET 200 https://registry.npmjs.org/human-signals 693ms (cache revalidated)
npm http fetch GET 200 https://registry.npmjs.org/is-path-inside 712ms (cache revalidated)
npm http fetch GET 200 https://registry.npmjs.org/at-least-node 748ms (cache revalidated)
npm http fetch GET 200 https://registry.npmjs.org/ci-info 805ms (cache revalidated)
npm http fetch GET 200 https://registry.npmjs.org/@colors%2fcolors 943ms (cache revalidated)
npm http fetch GET 200 https://registry.npmjs.org/jsprim 47ms (cache revalidated)
npm http fetch GET 200 https://registry.npmjs.org/url-parse 41ms (cache revalidated)
npm http fetch GET 200 https://registry.npmjs.org/sshpk 48ms (cache revalidated)
npm http fetch GET 200 https://registry.npmjs.org/asynckit 54ms (cache revalidated)
npm http fetch GET 200 https://registry.npmjs.org/delayed-stream 58ms (cache revalidated)
npm http fetch GET 200 https://registry.npmjs.org/mime-db 64ms (cache revalidated)
npm http fetch GET 200 https://registry.npmjs.org/assert-plus 70ms (cache revalidated)
npm http fetch GET 200 https://registry.npmjs.org/psl 254ms (cache revalidated)
npm http fetch GET 200 https://registry.npmjs.org/side-channel 264ms (cache revalidated)
npm http fetch GET 200 https://registry.npmjs.org/punycode 667ms (cache revalidated)
npm http fetch GET 200 https://registry.npmjs.org/eslint-scope 46ms (cache revalidated)
npm http fetch GET 200 https://registry.npmjs.org/acorn 51ms (cache revalidated)
npm http fetch GET 200 https://registry.npmjs.org/enhanced-resolve 56ms (cache revalidated)
npm http fetch GET 200 https://registry.npmjs.org/loader-runner 52ms (cache revalidated)
npm http fetch GET 200 https://registry.npmjs.org/browserslist 55ms (cache revalidated)
npm http fetch GET 200 https://registry.npmjs.org/schema-utils 57ms (cache revalidated)
npm http fetch GET 200 https://registry.npmjs.org/source-map 64ms (cache revalidated)
npm http fetch GET 200 https://registry.npmjs.org/neo-async 63ms (cache revalidated)
npm http fetch GET 200 https://registry.npmjs.org/tapable 79ms (cache revalidated)
npm http fetch GET 200 https://registry.npmjs.org/terser-webpack-plugin 83ms (cache revalidated)
npm http fetch GET 200 https://registry.npmjs.org/@webassemblyjs%2fwasm-parser 102ms (cache revalidated)
npm http fetch GET 200 https://registry.npmjs.org/micromatch 119ms (cache revalidated)
npm http fetch GET 200 https://registry.npmjs.org/json-parse-even-better-errors 114ms (cache revalidated)
npm http fetch GET 200 https://registry.npmjs.org/@webassemblyjs%2fwasm-edit 128ms (cache revalidated)
npm http fetch GET 200 https://registry.npmjs.org/enhanced-resolve 254ms (cache revalidated)
npm http fetch GET 200 https://registry.npmjs.org/events 259ms (cache revalidated)
npm http fetch GET 200 https://registry.npmjs.org/webpack-sources 257ms (cache revalidated)
npm http fetch GET 200 https://registry.npmjs.org/acorn-import-attributes 343ms (cache revalidated)
npm http fetch GET 200 https://registry.npmjs.org/chrome-trace-event 659ms (cache revalidated)
npm http fetch GET 200 https://registry.npmjs.org/glob-to-regexp 692ms (cache revalidated)
npm http fetch GET 200 https://registry.npmjs.org/es-module-lexer 695ms (cache revalidated)
npm http fetch GET 200 https://registry.npmjs.org/watchpack 742ms (cache revalidated)
npm http fetch GET 200 https://registry.npmjs.org/@webassemblyjs%2fast 1277ms (cache revalidated)
npm http fetch GET 200 https://registry.npmjs.org/@types%2festree 1303ms (cache revalidated)
npm http fetch GET 200 https://registry.npmjs.org/@types%2feslint-scope 1349ms (cache revalidated)
npm http fetch GET 200 https://registry.npmjs.org/prop-types 66ms (cache revalidated)
npm http fetch GET 200 https://registry.npmjs.org/lodash.isempty 254ms (cache revalidated)
npm http fetch GET 200 https://registry.npmjs.org/fsu 280ms (cache revalidated)
npm http fetch GET 200 https://registry.npmjs.org/dateformat 655ms (cache revalidated)
npm http fetch GET 200 https://registry.npmjs.org/lodash.isfunction 661ms (cache revalidated)
npm http fetch GET 200 https://registry.npmjs.org/escape-html 658ms (cache revalidated)
npm http fetch GET 200 https://registry.npmjs.org/tcomb-validation 657ms (cache revalidated)
npm http fetch GET 200 https://registry.npmjs.org/lodash.isobject 669ms (cache revalidated)
npm http fetch GET 200 https://registry.npmjs.org/opener 666ms (cache revalidated)
npm http fetch GET 200 https://registry.npmjs.org/validator 669ms (cache revalidated)
npm http fetch GET 200 https://registry.npmjs.org/tcomb 673ms (cache revalidated)
npm http fetch GET 200 https://registry.npmjs.org/lodash.isstring 731ms (cache revalidated)
npm http fetch GET 200 https://registry.npmjs.org/unbzip2-stream 87ms (cache revalidated)
npm http fetch GET 200 https://registry.npmjs.org/is-natural-number 702ms (cache revalidated)
npm http fetch GET 200 https://registry.npmjs.org/file-type 722ms (cache revalidated)
npm http fetch GET 200 https://registry.npmjs.org/file-type 740ms (cache revalidated)
npm http fetch GET 200 https://registry.npmjs.org/file-type 747ms (cache revalidated)
npm http fetch GET 200 https://registry.npmjs.org/seek-bzip 756ms (cache revalidated)
npm http fetch GET 200 https://registry.npmjs.org/buffer-alloc 63ms (cache revalidated)
npm http fetch GET 200 https://registry.npmjs.org/to-buffer 252ms (cache revalidated)
npm http fetch GET 200 https://registry.npmjs.org/xtend 253ms (cache revalidated)
npm http fetch GET 200 https://registry.npmjs.org/object-assign 36ms (cache revalidated)
npm http fetch GET 200 https://registry.npmjs.org/pinkie-promise 54ms (cache revalidated)
npm http fetch GET 200 https://registry.npmjs.org/ansi-regex 35ms (cache revalidated)
npm http fetch GET 200 https://registry.npmjs.org/type-fest 60ms (cache revalidated)
npm http fetch GET 200 https://registry.npmjs.org/mimic-fn 39ms (cache revalidated)
npm http fetch GET 200 https://registry.npmjs.org/shebang-command 51ms (cache revalidated)
npm http fetch GET 200 https://registry.npmjs.org/path-key 44ms (cache revalidated)
npm http fetch GET 200 https://registry.npmjs.org/which 61ms (cache revalidated)
npm http fetch GET 200 https://registry.npmjs.org/path-key 251ms (cache revalidated)
npm http fetch GET 200 https://registry.npmjs.org/pump 259ms (cache revalidated)
npm http fetch GET 200 https://registry.npmjs.org/isexe 44ms (cache revalidated)
npm http fetch GET 200 https://registry.npmjs.org/shebang-regex 654ms (cache revalidated)
npm http fetch GET 200 https://registry.npmjs.org/undici-types 661ms (cache revalidated)
npm http fetch GET 200 https://registry.npmjs.org/pinkie 641ms (cache revalidated)
npm http fetch GET 200 https://registry.npmjs.org/brace-expansion 44ms (cache revalidated)
npm http fetch GET 200 https://registry.npmjs.org/wrappy 55ms (cache revalidated)
npm http fetch GET 200 https://registry.npmjs.org/safer-buffer 47ms (cache revalidated)
npm http fetch GET 200 https://registry.npmjs.org/bcrypt-pbkdf 62ms (cache revalidated)
npm http fetch GET 200 https://registry.npmjs.org/ecc-jsbn 65ms (cache revalidated)
npm http fetch GET 200 https://registry.npmjs.org/extsprintf 76ms (cache revalidated)
npm http fetch GET 200 https://registry.npmjs.org/tweetnacl 69ms (cache revalidated)
npm http fetch GET 200 https://registry.npmjs.org/asn1 74ms (cache revalidated)
npm http fetch GET 200 https://registry.npmjs.org/getpass 78ms (cache revalidated)
npm http fetch GET 200 https://registry.npmjs.org/dashdash 252ms (cache revalidated)
npm http fetch GET 200 https://registry.npmjs.org/jsbn 265ms (cache revalidated)
npm http fetch GET 200 https://registry.npmjs.org/verror 669ms (cache revalidated)
npm http fetch GET 200 https://registry.npmjs.org/json-schema 679ms (cache revalidated)
npm http fetch GET 200 https://registry.npmjs.org/tslib 34ms (cache revalidated)
npm http fetch GET 200 https://registry.npmjs.org/ansi-escapes 37ms (cache revalidated)
npm http fetch GET 200 https://registry.npmjs.org/aggregate-error 37ms (cache revalidated)
npm http fetch GET 200 https://registry.npmjs.org/astral-regex 614ms (cache revalidated)
npm http fetch GET 200 https://registry.npmjs.org/balanced-match 41ms (cache revalidated)
npm http fetch GET 200 https://registry.npmjs.org/concat-map 264ms (cache revalidated)
npm http fetch GET 200 https://registry.npmjs.org/escalade 67ms (cache revalidated)
npm http fetch GET 200 https://registry.npmjs.org/braces 161ms (cache revalidated)
npm http fetch GET 200 https://registry.npmjs.org/glob-parent 169ms (cache revalidated)
npm http fetch GET 200 https://registry.npmjs.org/locate-path 136ms (cache revalidated)
npm http fetch GET 200 https://registry.npmjs.org/randombytes 130ms (cache revalidated)
npm http fetch GET 200 https://registry.npmjs.org/is-glob 174ms (cache revalidated)
npm http fetch GET 200 https://registry.npmjs.org/fsevents 175ms (cache revalidated)
npm http fetch GET 200 https://registry.npmjs.org/readdirp 176ms (cache revalidated)
npm http fetch GET 200 https://registry.npmjs.org/path-exists 145ms (cache revalidated)
npm http fetch GET 200 https://registry.npmjs.org/anymatch 183ms (cache revalidated)
npm http fetch GET 200 https://registry.npmjs.org/camelcase 283ms (cache revalidated)
npm http fetch GET 200 https://registry.npmjs.org/flat 672ms (cache revalidated)
npm http fetch GET 200 https://registry.npmjs.org/argparse 708ms (cache revalidated)
npm http fetch GET 200 https://registry.npmjs.org/is-binary-path 753ms (cache revalidated)
npm http fetch GET 200 https://registry.npmjs.org/is-plain-obj 728ms (cache revalidated)
npm http fetch GET 200 https://registry.npmjs.org/fill-range 32ms (cache revalidated)
npm http fetch GET 200 https://registry.npmjs.org/is-extglob 31ms (cache revalidated)
npm http fetch GET 200 https://registry.npmjs.org/picomatch 31ms (cache revalidated)
npm http fetch GET 200 https://registry.npmjs.org/binary-extensions 44ms (cache revalidated)
npm http fetch GET 200 https://registry.npmjs.org/picomatch 657ms (cache revalidated)
npm http fetch GET 200 https://registry.npmjs.org/to-regex-range 651ms (cache revalidated)
npm http fetch GET 200 https://registry.npmjs.org/is-number 665ms (cache revalidated)
npm http fetch GET 200 https://registry.npmjs.org/p-locate 34ms (cache revalidated)
npm http fetch GET 200 https://registry.npmjs.org/p-limit 52ms (cache revalidated)
npm http fetch GET 200 https://registry.npmjs.org/react-is 41ms (cache revalidated)
npm http fetch GET 200 https://registry.npmjs.org/loose-envify 77ms (cache revalidated)
npm http fetch GET 200 https://registry.npmjs.org/easy-stack 657ms (cache revalidated)
npm http fetch GET 200 https://registry.npmjs.org/yocto-queue 32ms (cache revalidated)
npm http fetch GET 200 https://registry.npmjs.org/indent-string 30ms (cache revalidated)
npm http fetch GET 200 https://registry.npmjs.org/clean-stack 669ms (cache revalidated)
npm http fetch GET 200 https://registry.npmjs.org/js-tokens 650ms (cache revalidated)
npm http fetch GET 200 https://registry.npmjs.org/split 66ms (cache revalidated)
npm http fetch GET 200 https://registry.npmjs.org/duplexer 253ms (cache revalidated)
npm http fetch GET 200 https://registry.npmjs.org/stream-combiner 642ms (cache revalidated)
npm http fetch GET 200 https://registry.npmjs.org/from 660ms (cache revalidated)
npm http fetch GET 200 https://registry.npmjs.org/pause-stream 662ms (cache revalidated)
npm http fetch GET 200 https://registry.npmjs.org/map-stream 669ms (cache revalidated)
npm http fetch GET 200 https://registry.npmjs.org/es-errors 40ms (cache revalidated)
npm http fetch GET 200 https://registry.npmjs.org/call-bind 42ms (cache revalidated)
npm http fetch GET 200 https://registry.npmjs.org/get-intrinsic 656ms (cache revalidated)
npm http fetch GET 200 https://registry.npmjs.org/object-inspect 669ms (cache revalidated)
npm http fetch GET 200 https://registry.npmjs.org/har-schema 55ms (cache revalidated)
npm http fetch GET 200 https://registry.npmjs.org/uri-js 55ms (cache revalidated)
npm http fetch GET 200 https://registry.npmjs.org/fast-deep-equal 55ms (cache revalidated)
npm http fetch GET 200 https://registry.npmjs.org/fast-json-stable-stringify 73ms (cache revalidated)
npm http fetch GET 200 https://registry.npmjs.org/json-schema-traverse 673ms (cache revalidated)
npm http fetch GET 200 https://registry.npmjs.org/has-symbols 45ms (cache revalidated)
npm http fetch GET 200 https://registry.npmjs.org/has-proto 67ms (cache revalidated)
npm http fetch GET 200 https://registry.npmjs.org/set-function-length 70ms (cache revalidated)
npm http fetch GET 200 https://registry.npmjs.org/hasown 66ms (cache revalidated)
npm http fetch GET 200 https://registry.npmjs.org/function-bind 84ms (cache revalidated)
npm http fetch GET 200 https://registry.npmjs.org/es-define-property 688ms (cache revalidated)
npm http fetch GET 200 https://registry.npmjs.org/define-data-property 40ms (cache revalidated)
npm http fetch GET 200 https://registry.npmjs.org/gopd 46ms (cache revalidated)
npm http fetch GET 200 https://registry.npmjs.org/has-property-descriptors 660ms (cache revalidated)
npm http fetch GET 200 https://registry.npmjs.org/requires-port 32ms (cache revalidated)
npm http fetch GET 200 https://registry.npmjs.org/querystringify 37ms (cache revalidated)
npm http fetch GET 200 https://registry.npmjs.org/widest-line 43ms (cache revalidated)
npm http fetch GET 200 https://registry.npmjs.org/dot-prop 48ms (cache revalidated)
npm http fetch GET 200 https://registry.npmjs.org/package-json 47ms (cache revalidated)
npm http fetch GET 200 https://registry.npmjs.org/cli-boxes 91ms (cache revalidated)
npm http fetch GET 200 https://registry.npmjs.org/escape-goat 92ms (cache revalidated)
npm http fetch GET 200 https://registry.npmjs.org/write-file-atomic 97ms (cache revalidated)
npm http fetch GET 200 https://registry.npmjs.org/unique-string 273ms (cache revalidated)
npm http fetch GET 200 https://registry.npmjs.org/ansi-align 681ms (cache revalidated)
npm http fetch GET 200 https://registry.npmjs.org/eastasianwidth 42ms (cache revalidated)
npm http fetch GET 200 https://registry.npmjs.org/crypto-random-string 34ms (cache revalidated)
npm http fetch GET 200 https://registry.npmjs.org/imurmurhash 42ms (cache revalidated)
npm http fetch GET 200 https://registry.npmjs.org/is-obj 644ms (cache revalidated)
npm http fetch GET 200 https://registry.npmjs.org/typedarray-to-buffer 655ms (cache revalidated)
npm http fetch GET 200 https://registry.npmjs.org/registry-auth-token 44ms (cache revalidated)
npm http fetch GET 200 https://registry.npmjs.org/registry-url 640ms (cache revalidated)
npm http fetch GET 200 https://registry.npmjs.org/got 643ms (cache revalidated)
npm http fetch GET 200 https://registry.npmjs.org/p-cancelable 43ms (cache revalidated)
npm http fetch GET 200 https://registry.npmjs.org/cacheable-lookup 46ms (cache revalidated)
npm http fetch GET 200 https://registry.npmjs.org/lowercase-keys 48ms (cache revalidated)
npm http fetch GET 200 https://registry.npmjs.org/decompress-response 50ms (cache revalidated)
npm http fetch GET 200 https://registry.npmjs.org/http2-wrapper 56ms (cache revalidated)
npm http fetch GET 200 https://registry.npmjs.org/@pnpm%2fnpm-conf 54ms (cache revalidated)
npm http fetch GET 200 https://registry.npmjs.org/cacheable-request 73ms (cache revalidated)
npm http fetch GET 200 https://registry.npmjs.org/form-data-encoder 76ms (cache revalidated)
npm http fetch GET 200 https://registry.npmjs.org/@szmarczak%2fhttp-timer 249ms (cache revalidated)
npm http fetch GET 200 https://registry.npmjs.org/@sindresorhus%2fis 268ms (cache revalidated)
npm http fetch GET 200 https://registry.npmjs.org/responselike 639ms (cache revalidated)
npm http fetch GET 200 https://registry.npmjs.org/rc 743ms (cache revalidated)
npm http fetch GET 200 https://registry.npmjs.org/normalize-url 48ms (cache revalidated)
npm http fetch GET 200 https://registry.npmjs.org/quick-lru 45ms (cache revalidated)
npm http fetch GET 200 https://registry.npmjs.org/resolve-alpn 47ms (cache revalidated)
npm http fetch GET 200 https://registry.npmjs.org/defer-to-connect 72ms (cache revalidated)
npm http fetch GET 200 https://registry.npmjs.org/http-cache-semantics 73ms (cache revalidated)
npm http fetch GET 200 https://registry.npmjs.org/mimic-response 81ms (cache revalidated)
npm http fetch GET 200 https://registry.npmjs.org/mimic-response 79ms (cache revalidated)
npm http fetch GET 200 https://registry.npmjs.org/keyv 669ms (cache revalidated)
npm http fetch GET 200 https://registry.npmjs.org/@types%2fhttp-cache-semantics 1331ms (cache revalidated)
npm http fetch GET 200 https://registry.npmjs.org/json-buffer 76ms (cache revalidated)
npm http fetch GET 200 https://registry.npmjs.org/config-chain 32ms (cache revalidated)
npm http fetch GET 200 https://registry.npmjs.org/@pnpm%2fnetwork.ca-file 81ms (cache revalidated)
npm http fetch GET 200 https://registry.npmjs.org/@pnpm%2fconfig.env-replace 233ms (cache revalidated)
npm http fetch GET 200 https://registry.npmjs.org/proto-list 643ms (cache revalidated)
npm http fetch GET 200 https://registry.npmjs.org/deep-extend 45ms (cache revalidated)
npm http fetch GET 200 https://registry.npmjs.org/estraverse 52ms (cache revalidated)
npm http fetch GET 200 https://registry.npmjs.org/@types%2feslint 73ms (cache revalidated)
npm http fetch GET 200 https://registry.npmjs.org/ajv-keywords 66ms (cache revalidated)
npm http fetch GET 200 https://registry.npmjs.org/@webassemblyjs%2fwasm-opt 112ms (cache revalidated)
npm http fetch GET 200 https://registry.npmjs.org/terser 133ms (cache revalidated)
npm http fetch GET 200 https://registry.npmjs.org/electron-to-chromium 196ms (cache revalidated)
npm http fetch GET 200 https://registry.npmjs.org/esrecurse 255ms (cache revalidated)
npm http fetch GET 200 https://registry.npmjs.org/update-browserslist-db 690ms (cache revalidated)
npm http fetch GET 200 https://registry.npmjs.org/caniuse-lite 743ms (cache revalidated)
npm http fetch GET 200 https://registry.npmjs.org/node-releases 841ms (cache revalidated)
npm http fetch GET 200 https://registry.npmjs.org/@webassemblyjs%2fhelper-buffer 872ms (cache revalidated)
npm http fetch GET 200 https://registry.npmjs.org/jest-worker 892ms (cache revalidated)
npm http fetch GET 200 https://registry.npmjs.org/@webassemblyjs%2fleb128 1274ms (cache revalidated)
npm http fetch GET 200 https://registry.npmjs.org/@webassemblyjs%2fhelper-wasm-bytecode 1291ms (cache revalidated)
npm http fetch GET 200 https://registry.npmjs.org/@webassemblyjs%2futf8 1287ms (cache revalidated)
npm http fetch GET 200 https://registry.npmjs.org/@webassemblyjs%2fhelper-numbers 1294ms (cache revalidated)
npm http fetch GET 200 https://registry.npmjs.org/@webassemblyjs%2fieee754 1296ms (cache revalidated)
npm http fetch GET 200 https://registry.npmjs.org/@webassemblyjs%2fhelper-wasm-section 1300ms (cache revalidated)
npm http fetch GET 200 https://registry.npmjs.org/@webassemblyjs%2fwasm-gen 1302ms (cache revalidated)
npm http fetch GET 200 https://registry.npmjs.org/@types%2fjson-schema 1312ms (cache revalidated)
npm http fetch GET 200 https://registry.npmjs.org/@webassemblyjs%2fhelper-api-error 1329ms (cache revalidated)
npm http fetch GET 200 https://registry.npmjs.org/@webassemblyjs%2fwast-printer 1331ms (cache revalidated)
npm http fetch GET 200 https://registry.npmjs.org/@jridgewell%2ftrace-mapping 1545ms (cache revalidated)
npm http fetch GET 200 https://registry.npmjs.org/@webassemblyjs%2ffloating-point-hex-parser 1290ms (cache revalidated)
npm http fetch GET 200 https://registry.npmjs.org/@xtuc%2flong 1520ms (cache revalidated)
npm http fetch GET 200 https://registry.npmjs.org/@xtuc%2fieee754 1118ms (cache revalidated)
npm http fetch GET 200 https://registry.npmjs.org/picocolors 32ms (cache revalidated)
npm http fetch GET 200 https://registry.npmjs.org/source-map-support 76ms (cache revalidated)
npm http fetch GET 200 https://registry.npmjs.org/@jridgewell%2fsourcemap-codec 100ms (cache revalidated)
npm http fetch GET 200 https://registry.npmjs.org/@jridgewell%2fsource-map 229ms (cache revalidated)
npm http fetch GET 200 https://registry.npmjs.org/@jridgewell%2fresolve-uri 235ms (cache revalidated)
npm http fetch GET 200 https://registry.npmjs.org/buffer-from 35ms (cache revalidated)
npm http fetch GET 200 https://registry.npmjs.org/@jridgewell%2fgen-mapping 116ms (cache revalidated)
npm http fetch GET 200 https://registry.npmjs.org/@jridgewell%2fset-array 337ms (cache revalidated)
npm http fetch GET 200 https://registry.npmjs.org/pend 622ms (cache revalidated)
npm http fetch GET 200 https://registry.npmjs.org/crc32-stream 658ms (cache revalidated)
npm http fetch GET 200 https://registry.npmjs.org/crc-32 672ms (cache revalidated)
npm http fetch GET 200 https://registry.npmjs.org/buffer-fill 37ms (cache revalidated)
npm http fetch GET 200 https://registry.npmjs.org/buffer-alloc-unsafe 66ms (cache revalidated)
npm http fetch GET 200 https://registry.npmjs.org/p-try 38ms (cache revalidated)
npm WARN EBADENGINE Unsupported engine {
npm WARN EBADENGINE   package: '@eslint/js@9.7.0',
npm WARN EBADENGINE   required: { node: '^18.18.0 || ^20.9.0 || >=21.1.0' },
npm WARN EBADENGINE   current: { node: 'v20.8.1', npm: '10.1.0' }
npm WARN EBADENGINE }
npm http fetch POST 200 https://registry.npmjs.org/-/npm/v1/security/advisories/bulk 572ms
npm WARN deprecated inflight@1.0.6: This module is not supported, and leaks memory. Do not use it. Check out lru-cache if you want a good and tested way to coalesce async requests by a key value, which is much more comprehensive and powerful.
npm WARN deprecated rimraf@2.5.4: Rimraf versions prior to v4 are no longer supported
npm WARN deprecated cypress-xpath@2.0.1: Package no longer supported. Contact Support at https://www.npmjs.com/support for more info.
npm WARN deprecated har-validator@5.1.5: this library is no longer supported
npm WARN deprecated glob@7.2.3: Glob versions prior to v9 are no longer supported
npm WARN deprecated glob@8.1.0: Glob versions prior to v9 are no longer supported
npm WARN deprecated uuid@3.4.0: Please upgrade  to version 7 or higher.  Older versions may use Math.random() in certain circumstances, which is known to be problematic.  See https://v8.dev/blog/math-random for details.
npm WARN deprecated request@2.88.2: request has been deprecated, see https://github.com/request/request/issues/3142
npm info run cypress@13.13.1 postinstall node_modules/cypress node index.js --exec install
npm info run cypress@13.13.1 postinstall { code: 0, signal: null }

added 576 packages, and audited 577 packages in 48s

105 packages are looking for funding
  run `npm fund` for details

3 moderate severity vulnerabilities

To address all issues (including breaking changes), run:
  npm audit fix --force

Run `npm audit` for details.
npm verb exit 0
npm info ok 
Waiting for the debugger to disconnect...
